c:\users\at11-桃井\desktop\ケーススタディ\program\casestudy\debug\vc120.pdb
c:\users\at11-桃井\desktop\ケーススタディ\program\casestudy\debug\vc120.idb
c:\users\at11-桃井\desktop\ケーススタディ\program\casestudy\debug\object .obj
c:\users\at11-桃井\desktop\ケーススタディ\program\casestudy\debug\player.obj
c:\users\at11-桃井\desktop\ケーススタディ\program\casestudy\debug\tori.obj
c:\users\at11-桃井\desktop\ケーススタディ\program\casestudy\debug\uriel.obj
c:\users\at11-桃井\desktop\ケーススタディ\program\casestudy\debug\stage.obj
c:\users\at11-桃井\desktop\ケーススタディ\program\casestudy\debug\debugproc.obj
c:\users\at11-桃井\desktop\ケーススタディ\program\casestudy\debug\gamemanager.obj
c:\users\at11-桃井\desktop\ケーススタディ\program\casestudy\debug\gamedirectx.obj
c:\users\at11-桃井\desktop\ケーススタディ\program\casestudy\debug\gamewindow.obj
c:\users\at11-桃井\desktop\ケーススタディ\program\casestudy\debug\input.obj
c:\users\at11-桃井\desktop\ケーススタディ\program\casestudy\debug\inputdirect.obj
c:\users\at11-桃井\desktop\ケーススタディ\program\casestudy\debug\inputkeyboard.obj
c:\users\at11-桃井\desktop\ケーススタディ\program\casestudy\debug\inputmanager.obj
c:\users\at11-桃井\desktop\ケーススタディ\program\casestudy\debug\inputmouse.obj
c:\users\at11-桃井\desktop\ケーススタディ\program\casestudy\debug\inputxinput.obj
c:\users\at11-桃井\desktop\ケーススタディ\program\casestudy\debug\scenemanager.obj
c:\users\at11-桃井\desktop\ケーススタディ\program\casestudy\debug\texturemanager.obj
c:\users\at11-桃井\desktop\ケーススタディ\program\casestudy\debug\mutex.obj
c:\users\at11-桃井\desktop\ケーススタディ\program\casestudy\debug\mutexcreator.obj
c:\users\at11-桃井\desktop\ケーススタディ\program\casestudy\debug\main.obj
c:\users\at11-桃井\desktop\ケーススタディ\program\casestudy\debug\scenegame.obj
c:\users\at11-桃井\desktop\ケーススタディ\program\casestudy\debug\scenegamefactory.obj
c:\users\at11-桃井\desktop\ケーススタディ\program\casestudy\debug\animationobject.obj
c:\users\at11-桃井\desktop\ケーススタディ\program\casestudy\debug\textureanimation.obj
c:\users\at11-桃井\desktop\ケーススタディ\program\casestudy\debug\casestudy.ilk
c:\users\at11-桃井\desktop\ケーススタディ\program\casestudy\debug\casestudy.exe
c:\users\at11-桃井\desktop\ケーススタディ\program\casestudy\debug\casestudy.pdb
c:\users\at11-桃井\desktop\ケーススタディ\program\casestudy\debug\casestudy.tlog\cl.command.1.tlog
c:\users\at11-桃井\desktop\ケーススタディ\program\casestudy\debug\casestudy.tlog\cl.read.1.tlog
c:\users\at11-桃井\desktop\ケーススタディ\program\casestudy\debug\casestudy.tlog\cl.write.1.tlog
c:\users\at11-桃井\desktop\ケーススタディ\program\casestudy\debug\casestudy.tlog\link.command.1.tlog
c:\users\at11-桃井\desktop\ケーススタディ\program\casestudy\debug\casestudy.tlog\link.read.1.tlog
c:\users\at11-桃井\desktop\ケーススタディ\program\casestudy\debug\casestudy.tlog\link.write.1.tlog
