2015/07/03 15:08:37 にビルドを開始しました。
     1>ノード 2 上のプロジェクト "E:\ＨＡＬ\4年\AT4C\プログラム\b版\CaseStudy_2015_07_02_1924\CaseStudy.vcxproj" (Build ターゲット)。
     1>ClCompile:
         C:\Program Files (x86)\Microsoft Visual Studio 12.0\VC\bin\CL.exe /c /I"E:\ＨＡＬ\4年\AT4C\プログラム\b版\CaseStudy_2015_07_02_1924\\src" /Zi /nologo /W3 /WX- /sdl /O2 /Oi /Oy- /GL /D WIN32 /D NDEBUG /D _WINDOWS /D _MBCS /Gm- /EHsc /MT /GS /Gy /fp:precise /Zc:wchar_t /Zc:forScope /Yc"stdafx.h" /Fp"Release\CaseStudy.pch" /Fo"Release\\" /Fd"Release\vc120.pdb" /Gd /TP /FIstdafx.h /analyze- /errorReport:prompt src\stdafx.cpp
         stdafx.cpp
         C:\Program Files (x86)\Microsoft Visual Studio 12.0\VC\bin\CL.exe /c /I"E:\ＨＡＬ\4年\AT4C\プログラム\b版\CaseStudy_2015_07_02_1924\\src" /Zi /nologo /W3 /WX- /sdl /O2 /Oi /Oy- /GL /D WIN32 /D NDEBUG /D _WINDOWS /D _MBCS /Gm- /EHsc /MT /GS /Gy /fp:precise /Zc:wchar_t /Zc:forScope /Yu"stdafx.h" /Fp"Release\CaseStudy.pch" /Fo"Release\\" /Fd"Release\vc120.pdb" /Gd /TP /FIstdafx.h /analyze- /errorReport:prompt src\Application\Collison\Collision.cpp src\Application\Camera\camera.cpp src\Application\Controller\InputController.cpp src\Application\Game\SceneGame.cpp src\Application\Game\SceneGameFactory.cpp src\Application\Object\AnimationObject\AnimationObject.cpp src\Application\Object\AnimationObject\TextureAnimation.cpp src\Application\Object\BackGround\BackGround.cpp src\Application\Object\BackGround\BackGroundManager.cpp src\Application\Object\Object.cpp src\Application\Object\Object2D\Bar.cpp src\Application\Object\Object2D\Board.cpp src\Application\Object\Object2D\Frame.cpp src\Application\Object\Object2D\NumberObject.cpp src\Application\Object\Object2D\Object2D.cpp src\Application\Object\Object2D\ResultTime.cpp src\Application\Object\Object2D\Timer.cpp src\Application\Object\Object2D\TitleChar.cpp src\Application\Object\Object2D\StartSymbol.cpp src\Application\Object\ObjectBase.cpp src\Application\Object\player.cpp src\Application\Object\Ready.cpp src\Application\Object\Tori.cpp src\Application\Object\Uriel.cpp src\Application\Result\SceneResult.cpp src\Application\Result\SceneResultFactory.cpp src\Application\Stage\Stage.cpp src\Application\Tension\TensionGauge.cpp src\Application\Tension\TensionTopLayer.cpp src\Application\TitleBase\TitleCharBase.cpp src\Application\Title\SceneTitle.cpp src\Application\Title\SceneTitleFactory.cpp src\Application\Utility\ValueActiveUpdater.cpp src\Application\Utility\ValuePassiveUpdater.cpp src\Framework\Collision\CollisionHelper.cpp src\Framework\DebugProc\DebugProc.cpp src\Framework\DrawDebugPrimitive\DrawPrimitive.cpp src\Framework\GameManager\GameManager.cpp src\Framework\GameWindow\GameDirectX.cpp src\Framework\GameWindow\GameWindow.cpp src\Framework\Input\Input.cpp src\Framework\Input\InputDirect.cpp src\Framework\Input\InputKeyboard.cpp src\Framework\Input\InputManager.cpp src\Framework\Input\InputMouse.cpp src\Framework\Input\InputXInput.cpp src\Framework\Scene\SceneManager.cpp src\Framework\Sound\sound.cpp src\Framework\Texture\TextureManager.cpp src\Framework\Utility\Mutex.cpp src\Framework\Utility\MutexCreator.cpp src\main.cpp
         Collision.cpp
         camera.cpp
         InputController.cpp
         SceneGame.cpp
         SceneGameFactory.cpp
         AnimationObject.cpp
         TextureAnimation.cpp
         BackGround.cpp
         BackGroundManager.cpp
         Object.cpp
         Bar.cpp
         Board.cpp
         Frame.cpp
         NumberObject.cpp
         Object2D.cpp
         ResultTime.cpp
         Timer.cpp
         TitleChar.cpp
         StartSymbol.cpp
         ObjectBase.cpp
         コンパイル中...
         player.cpp
         Ready.cpp
         Tori.cpp
         Uriel.cpp
         SceneResult.cpp
         SceneResultFactory.cpp
         Stage.cpp
         TensionGauge.cpp
         TensionTopLayer.cpp
         TitleCharBase.cpp
         SceneTitle.cpp
         SceneTitleFactory.cpp
         ValueActiveUpdater.cpp
         ValuePassiveUpdater.cpp
         CollisionHelper.cpp
         DebugProc.cpp
         DrawPrimitive.cpp
         GameManager.cpp
         GameDirectX.cpp
         GameWindow.cpp
         コンパイル中...
         Input.cpp
         InputDirect.cpp
         InputKeyboard.cpp
         InputManager.cpp
         InputMouse.cpp
         InputXInput.cpp
         SceneManager.cpp
         sound.cpp
         TextureManager.cpp
         Mutex.cpp
         MutexCreator.cpp
         main.cpp
       Link:
         C:\Program Files (x86)\Microsoft Visual Studio 12.0\VC\bin\link.exe /ERRORREPORT:PROMPT /OUT:"E:\ＨＡＬ\4年\AT4C\プログラム\b版\CaseStudy_2015_07_02_1924\CaseStudy.exe" /INCREMENTAL:NO /NOLOGO kernel32.lib user32.lib gdi32.lib winspool.lib comdlg32.lib advapi32.lib shell32.lib ole32.lib oleaut32.lib uuid.lib odbc32.lib odbccp32.lib /MANIFEST /MANIFESTUAC:"level='asInvoker' uiAccess='false'" /manifest:embed /DEBUG /PDB:"E:\ＨＡＬ\4年\AT4C\プログラム\b版\CaseStudy_2015_07_02_1924\CaseStudy.pdb" /SUBSYSTEM:WINDOWS /OPT:REF /OPT:ICF /LTCG /TLBID:1 /DYNAMICBASE /NXCOMPAT /IMPLIB:"E:\ＨＡＬ\4年\AT4C\プログラム\b版\CaseStudy_2015_07_02_1924\CaseStudy.lib" /MACHINE:X86 /SAFESEH Release\Collision.obj
         Release\camera.obj
         Release\InputController.obj
         Release\SceneGame.obj
         Release\SceneGameFactory.obj
         Release\AnimationObject.obj
         Release\TextureAnimation.obj
         Release\BackGround.obj
         Release\BackGroundManager.obj
         Release\Object.obj
         Release\Bar.obj
         Release\Board.obj
         Release\Frame.obj
         Release\NumberObject.obj
         Release\Object2D.obj
         Release\ResultTime.obj
         Release\Timer.obj
         Release\TitleChar.obj
         Release\StartSymbol.obj
         Release\ObjectBase.obj
         Release\player.obj
         Release\Ready.obj
         Release\Tori.obj
         Release\Uriel.obj
         Release\SceneResult.obj
         Release\SceneResultFactory.obj
         Release\Stage.obj
         Release\TensionGauge.obj
         Release\TensionTopLayer.obj
         Release\TitleCharBase.obj
         Release\SceneTitle.obj
         Release\SceneTitleFactory.obj
         Release\ValueActiveUpdater.obj
         Release\ValuePassiveUpdater.obj
         Release\CollisionHelper.obj
         Release\DebugProc.obj
         Release\DrawPrimitive.obj
         Release\GameManager.obj
         Release\GameDirectX.obj
         Release\GameWindow.obj
         Release\Input.obj
         Release\InputDirect.obj
         Release\InputKeyboard.obj
         Release\InputManager.obj
         Release\InputMouse.obj
         Release\InputXInput.obj
         Release\SceneManager.obj
         Release\sound.obj
         Release\TextureManager.obj
         Release\Mutex.obj
         Release\MutexCreator.obj
         Release\main.obj
         Release\stdafx.obj
         コード生成しています。
         コード生成が終了しました。
         CaseStudy.vcxproj -> E:\ＨＡＬ\4年\AT4C\プログラム\b版\CaseStudy_2015_07_02_1924\CaseStudy.exe
     1>プロジェクト "E:\ＨＡＬ\4年\AT4C\プログラム\b版\CaseStudy_2015_07_02_1924\CaseStudy.vcxproj" (Build ターゲット) のビルドが完了しました。

ビルドに成功しました。

経過時間 00:00:10.42
